d:\paul\documents\raven\raven\debug\raven.bsc
d:\paul\documents\raven\raven\debug\vc141.pdb
d:\paul\documents\raven\raven\debug\vc141.idb
d:\paul\documents\raven\raven\debug\windowutils.sbr
d:\paul\documents\raven\raven\debug\vector2d.sbr
d:\paul\documents\raven\raven\debug\precisiontimer.sbr
d:\paul\documents\raven\raven\debug\framecounter.sbr
d:\paul\documents\raven\raven\debug\debugconsole.sbr
d:\paul\documents\raven\raven\debug\crudetimer.sbr
d:\paul\documents\raven\raven\debug\cgdi.sbr
d:\paul\documents\raven\raven\debug\raven_targetingsystem.sbr
d:\paul\documents\raven\raven\debug\raven_weaponsystem.sbr
d:\paul\documents\raven\raven\debug\trigger_weapongiver.sbr
d:\paul\documents\raven\raven\debug\trigger_soundnotify.sbr
d:\paul\documents\raven\raven\debug\trigger_healthgiver.sbr
d:\paul\documents\raven\raven\debug\raven_sensorymemory.sbr
d:\paul\documents\raven\raven\debug\messagedispatcher.sbr
d:\paul\documents\raven\raven\debug\raven_steeringbehaviors.sbr
d:\paul\documents\raven\raven\debug\raven_pathplanner.sbr
d:\paul\documents\raven\raven\debug\fuzzyset_triangle.sbr
d:\paul\documents\raven\raven\debug\fuzzyset_singleton.sbr
d:\paul\documents\raven\raven\debug\fuzzyset_rightshoulder.sbr
d:\paul\documents\raven\raven\debug\fuzzyset_leftshoulder.sbr
d:\paul\documents\raven\raven\debug\fuzzyset_leftshoulder.obj
d:\paul\documents\raven\raven\debug\fuzzyset_leftshoulder.asm
d:\paul\documents\raven\raven\debug\fuzzyset_rightshoulder.obj
d:\paul\documents\raven\raven\debug\fuzzyset_rightshoulder.asm
d:\paul\documents\raven\raven\debug\fuzzyset_singleton.obj
d:\paul\documents\raven\raven\debug\fuzzyset_singleton.asm
d:\paul\documents\raven\raven\debug\fuzzyset_triangle.obj
d:\paul\documents\raven\raven\debug\fuzzyset_triangle.asm
d:\paul\documents\raven\raven\debug\raven_pathplanner.obj
d:\paul\documents\raven\raven\debug\raven_pathplanner.asm
d:\paul\documents\raven\raven\debug\raven_steeringbehaviors.obj
d:\paul\documents\raven\raven\debug\raven_steeringbehaviors.asm
d:\paul\documents\raven\raven\debug\messagedispatcher.obj
d:\paul\documents\raven\raven\debug\messagedispatcher.asm
d:\paul\documents\raven\raven\debug\raven_sensorymemory.obj
d:\paul\documents\raven\raven\debug\raven_sensorymemory.asm
d:\paul\documents\raven\raven\debug\trigger_healthgiver.obj
d:\paul\documents\raven\raven\debug\trigger_healthgiver.asm
d:\paul\documents\raven\raven\debug\trigger_soundnotify.obj
d:\paul\documents\raven\raven\debug\trigger_soundnotify.asm
d:\paul\documents\raven\raven\debug\trigger_weapongiver.obj
d:\paul\documents\raven\raven\debug\trigger_weapongiver.asm
d:\paul\documents\raven\raven\debug\raven_weaponsystem.obj
d:\paul\documents\raven\raven\debug\raven_weaponsystem.asm
d:\paul\documents\raven\raven\debug\raven_targetingsystem.obj
d:\paul\documents\raven\raven\debug\raven_targetingsystem.asm
d:\paul\documents\raven\raven\debug\cgdi.obj
d:\paul\documents\raven\raven\debug\cgdi.asm
d:\paul\documents\raven\raven\debug\crudetimer.obj
d:\paul\documents\raven\raven\debug\crudetimer.asm
d:\paul\documents\raven\raven\debug\debugconsole.obj
d:\paul\documents\raven\raven\debug\debugconsole.asm
d:\paul\documents\raven\raven\debug\framecounter.obj
d:\paul\documents\raven\raven\debug\framecounter.asm
d:\paul\documents\raven\raven\debug\precisiontimer.obj
d:\paul\documents\raven\raven\debug\precisiontimer.asm
d:\paul\documents\raven\raven\debug\vector2d.obj
d:\paul\documents\raven\raven\debug\vector2d.asm
d:\paul\documents\raven\raven\debug\windowutils.obj
d:\paul\documents\raven\raven\debug\windowutils.asm
d:\paul\documents\raven\raven\debug\fuzzyvariable.sbr
d:\paul\documents\raven\raven\debug\fuzzyoperators.sbr
d:\paul\documents\raven\raven\debug\fuzzymodule.sbr
d:\paul\documents\raven\raven\debug\goal_wander.sbr
d:\paul\documents\raven\raven\debug\goal_traverseedge.sbr
d:\paul\documents\raven\raven\debug\goal_seektoposition.sbr
d:\paul\documents\raven\raven\debug\goal_sayphrase.sbr
d:\paul\documents\raven\raven\debug\goal_dodgesidetoside.sbr
d:\paul\documents\raven\raven\debug\raven_feature.sbr
d:\paul\documents\raven\raven\debug\getweapongoal_evaluator.sbr
d:\paul\documents\raven\raven\debug\gethealthgoal_evaluator.sbr
d:\paul\documents\raven\raven\debug\exploregoal_evaluator.sbr
d:\paul\documents\raven\raven\debug\attacktargetgoal_evaluator.sbr
d:\paul\documents\raven\raven\debug\goal_think.sbr
d:\paul\documents\raven\raven\debug\goal_negotiatedoor.sbr
d:\paul\documents\raven\raven\debug\goal_movetoposition.sbr
d:\paul\documents\raven\raven\debug\goal_hunttarget.sbr
d:\paul\documents\raven\raven\debug\goal_getitem.sbr
d:\paul\documents\raven\raven\debug\goal_followpath.sbr
d:\paul\documents\raven\raven\debug\goal_explore.sbr
d:\paul\documents\raven\raven\debug\goal_explore.obj
d:\paul\documents\raven\raven\debug\goal_explore.asm
d:\paul\documents\raven\raven\debug\goal_followpath.obj
d:\paul\documents\raven\raven\debug\goal_followpath.asm
d:\paul\documents\raven\raven\debug\goal_getitem.obj
d:\paul\documents\raven\raven\debug\goal_getitem.asm
d:\paul\documents\raven\raven\debug\goal_hunttarget.obj
d:\paul\documents\raven\raven\debug\goal_hunttarget.asm
d:\paul\documents\raven\raven\debug\goal_movetoposition.obj
d:\paul\documents\raven\raven\debug\goal_movetoposition.asm
d:\paul\documents\raven\raven\debug\goal_negotiatedoor.obj
d:\paul\documents\raven\raven\debug\goal_negotiatedoor.asm
d:\paul\documents\raven\raven\debug\goal_think.obj
d:\paul\documents\raven\raven\debug\goal_think.asm
d:\paul\documents\raven\raven\debug\attacktargetgoal_evaluator.obj
d:\paul\documents\raven\raven\debug\attacktargetgoal_evaluator.asm
d:\paul\documents\raven\raven\debug\exploregoal_evaluator.obj
d:\paul\documents\raven\raven\debug\exploregoal_evaluator.asm
d:\paul\documents\raven\raven\debug\gethealthgoal_evaluator.obj
d:\paul\documents\raven\raven\debug\gethealthgoal_evaluator.asm
d:\paul\documents\raven\raven\debug\getweapongoal_evaluator.obj
d:\paul\documents\raven\raven\debug\getweapongoal_evaluator.asm
d:\paul\documents\raven\raven\debug\raven_feature.obj
d:\paul\documents\raven\raven\debug\raven_feature.asm
d:\paul\documents\raven\raven\debug\goal_dodgesidetoside.obj
d:\paul\documents\raven\raven\debug\goal_dodgesidetoside.asm
d:\paul\documents\raven\raven\debug\goal_sayphrase.obj
d:\paul\documents\raven\raven\debug\goal_sayphrase.asm
d:\paul\documents\raven\raven\debug\goal_seektoposition.obj
d:\paul\documents\raven\raven\debug\goal_seektoposition.asm
d:\paul\documents\raven\raven\debug\goal_traverseedge.obj
d:\paul\documents\raven\raven\debug\goal_traverseedge.asm
d:\paul\documents\raven\raven\debug\goal_wander.obj
d:\paul\documents\raven\raven\debug\goal_wander.asm
d:\paul\documents\raven\raven\debug\fuzzymodule.obj
d:\paul\documents\raven\raven\debug\fuzzymodule.asm
d:\paul\documents\raven\raven\debug\fuzzyoperators.obj
d:\paul\documents\raven\raven\debug\fuzzyoperators.asm
d:\paul\documents\raven\raven\debug\fuzzyvariable.obj
d:\paul\documents\raven\raven\debug\fuzzyvariable.asm
d:\paul\documents\raven\raven\debug\goal_attacktarget.sbr
d:\paul\documents\raven\raven\debug\goal_adjustrange.sbr
d:\paul\documents\raven\raven\debug\raven_goal_types.sbr
d:\paul\documents\raven\raven\debug\raven_useroptions.sbr
d:\paul\documents\raven\raven\debug\raven_door.sbr
d:\paul\documents\raven\raven\debug\gravemarkers.sbr
d:\paul\documents\raven\raven\debug\entitymanager.sbr
d:\paul\documents\raven\raven\debug\raven_scriptor.sbr
d:\paul\documents\raven\raven\debug\basegameentity.sbr
d:\paul\documents\raven\raven\debug\raven_projectile.sbr
d:\paul\documents\raven\raven\debug\projectile_slug.sbr
d:\paul\documents\raven\raven\debug\projectile_rocket.sbr
d:\paul\documents\raven\raven\debug\projectile_pellet.sbr
d:\paul\documents\raven\raven\debug\projectile_bolt.sbr
d:\paul\documents\raven\raven\debug\weapon_shotgun.sbr
d:\paul\documents\raven\raven\debug\weapon_rocketlauncher.sbr
d:\paul\documents\raven\raven\debug\weapon_railgun.sbr
d:\paul\documents\raven\raven\debug\weapon_blaster.sbr
d:\paul\documents\raven\raven\debug\raven_weapon.sbr
d:\paul\documents\raven\raven\debug\raven_map.sbr
d:\paul\documents\raven\raven\debug\raven_map.obj
d:\paul\documents\raven\raven\debug\raven_map.asm
d:\paul\documents\raven\raven\debug\raven_weapon.obj
d:\paul\documents\raven\raven\debug\raven_weapon.asm
d:\paul\documents\raven\raven\debug\weapon_blaster.obj
d:\paul\documents\raven\raven\debug\weapon_blaster.asm
d:\paul\documents\raven\raven\debug\weapon_railgun.obj
d:\paul\documents\raven\raven\debug\weapon_railgun.asm
d:\paul\documents\raven\raven\debug\weapon_rocketlauncher.obj
d:\paul\documents\raven\raven\debug\weapon_rocketlauncher.asm
d:\paul\documents\raven\raven\debug\weapon_shotgun.obj
d:\paul\documents\raven\raven\debug\weapon_shotgun.asm
d:\paul\documents\raven\raven\debug\projectile_bolt.obj
d:\paul\documents\raven\raven\debug\projectile_bolt.asm
d:\paul\documents\raven\raven\debug\projectile_pellet.obj
d:\paul\documents\raven\raven\debug\projectile_pellet.asm
d:\paul\documents\raven\raven\debug\projectile_rocket.obj
d:\paul\documents\raven\raven\debug\projectile_rocket.asm
d:\paul\documents\raven\raven\debug\projectile_slug.obj
d:\paul\documents\raven\raven\debug\projectile_slug.asm
d:\paul\documents\raven\raven\debug\raven_projectile.obj
d:\paul\documents\raven\raven\debug\raven_projectile.asm
d:\paul\documents\raven\raven\debug\basegameentity.obj
d:\paul\documents\raven\raven\debug\basegameentity.asm
d:\paul\documents\raven\raven\debug\raven_scriptor.obj
d:\paul\documents\raven\raven\debug\raven_scriptor.asm
d:\paul\documents\raven\raven\debug\entitymanager.obj
d:\paul\documents\raven\raven\debug\entitymanager.asm
d:\paul\documents\raven\raven\debug\gravemarkers.obj
d:\paul\documents\raven\raven\debug\gravemarkers.asm
d:\paul\documents\raven\raven\debug\raven_door.obj
d:\paul\documents\raven\raven\debug\raven_door.asm
d:\paul\documents\raven\raven\debug\raven_useroptions.obj
d:\paul\documents\raven\raven\debug\raven_useroptions.asm
d:\paul\documents\raven\raven\debug\raven_goal_types.obj
d:\paul\documents\raven\raven\debug\raven_goal_types.asm
d:\paul\documents\raven\raven\debug\goal_adjustrange.obj
d:\paul\documents\raven\raven\debug\goal_adjustrange.asm
d:\paul\documents\raven\raven\debug\goal_attacktarget.obj
d:\paul\documents\raven\raven\debug\goal_attacktarget.asm
d:\paul\documents\raven\raven\debug\raven_game.sbr
d:\paul\documents\raven\raven\debug\raven_bot.sbr
d:\paul\documents\raven\raven\debug\main.sbr
d:\paul\documents\raven\raven\debug\main.obj
d:\paul\documents\raven\raven\debug\main.asm
d:\paul\documents\raven\raven\debug\raven_bot.obj
d:\paul\documents\raven\raven\debug\raven_bot.asm
d:\paul\documents\raven\raven\debug\raven_game.obj
d:\paul\documents\raven\raven\debug\raven_game.asm
d:\paul\documents\raven\raven\debug\raven.ilk
d:\paul\documents\raven\raven\debug\raven.exe
d:\paul\documents\raven\raven\debug\raven.pdb
d:\paul\documents\raven\raven\debug\script1.res
d:\paul\documents\raven\raven\.\debug\raven.exe
d:\paul\documents\raven\raven\debug\raven.tlog\bscmake.command.1.tlog
d:\paul\documents\raven\raven\debug\raven.tlog\bscmake.read.1.tlog
d:\paul\documents\raven\raven\debug\raven.tlog\bscmake.write.1.tlog
d:\paul\documents\raven\raven\debug\raven.tlog\cl.command.1.tlog
d:\paul\documents\raven\raven\debug\raven.tlog\cl.read.1.tlog
d:\paul\documents\raven\raven\debug\raven.tlog\cl.write.1.tlog
d:\paul\documents\raven\raven\debug\raven.tlog\link.command.1.tlog
d:\paul\documents\raven\raven\debug\raven.tlog\link.read.1.tlog
d:\paul\documents\raven\raven\debug\raven.tlog\link.write.1.tlog
d:\paul\documents\raven\raven\debug\raven.tlog\rc.command.1.tlog
d:\paul\documents\raven\raven\debug\raven.tlog\rc.read.1.tlog
d:\paul\documents\raven\raven\debug\raven.tlog\rc.write.1.tlog
